Welcome to MAGMA v1.10 (linux/s)
Using flags:
	--gene-results ../../processed-data/13_MAGMA/GWAS/MDD/MDD.phs001672.pha005122.genes.raw
	--set-annot ../../processed-data/13_MAGMA/gene_sets/markerSets_broad_ENSEMBL_FDR05.txt gene-col=Gene set-col=Set
	--out ../../processed-data/13_MAGMA/MAGMA_output/MDD_broad/MDD_braod

Start time is 17:54:52, Thursday 14 Sep 2023

Reading file ../../processed-data/13_MAGMA/GWAS/MDD/MDD.phs001672.pha005122.genes.raw... 
	458 genes read from file
Loading gene-set annotation...
Reading file ../../processed-data/13_MAGMA/gene_sets/markerSets_broad_ENSEMBL_FDR05.txt... 
	detected 2 variables in file
	using variable: Gene (gene ID)
	using variable: Set (set ID)
	9 gene-set definitions read from file
	found 9 gene sets containing genes defined in genotype data (containing a total of 223 unique genes)
Preparing variables for analysis...
	truncating Z-scores 3 points below zero or 6 standard deviations above the mean
	truncating covariate values more than 5 standard deviations from the mean
	total variables available for analysis: 9 gene sets

Parsing model specifications...
Inverting gene-gene correlation matrix...
Performing regression analysis...
	testing direction: one-sided, positive (sets), two-sided (covar)
	conditioning on internal variables:
		gene size, log(gene size)
		gene density, log(gene density)
		inverse mac, log(inverse mac)
	analysing individual variables

	analysing single-variable models (number of models: 9)
	writing results to file ../../processed-data/13_MAGMA/MAGMA_output/MDD_broad/MDD_braod.gsa.out

End time is 17:54:52, Thursday 14 Sep 2023 (elapsed: 00:00:00)
