Welcome to MAGMA v1.10 (linux/s)
Using flags:
	--gene-results ../../processed-data/13_MAGMA/GWAS/sud2020op/opi.DEPvEXP_EUR.noAF.genes.raw
	--set-annot ../../processed-data/13_MAGMA/gene_sets/markerSets_broad_combo_ENSEMBL_FDR05.txt gene-col=Gene set-col=Set
	--out ../../processed-data/13_MAGMA/MAGMA_output/sud2020op/sud2020op_broad_combo

Start time is 11:47:08, Thursday 19 Oct 2023

Reading file ../../processed-data/13_MAGMA/GWAS/sud2020op/opi.DEPvEXP_EUR.noAF.genes.raw... 
	24906 genes read from file
Loading gene-set annotation...
Reading file ../../processed-data/13_MAGMA/gene_sets/markerSets_broad_combo_ENSEMBL_FDR05.txt... 
	detected 2 variables in file
	using variable: Gene (gene ID)
	using variable: Set (set ID)
	10 gene-set definitions read from file
	found 10 gene sets containing genes defined in genotype data (containing a total of 9372 unique genes)
Preparing variables for analysis...
	truncating Z-scores 3 points below zero or 6 standard deviations above the mean
	truncating covariate values more than 5 standard deviations from the mean
	total variables available for analysis: 10 gene sets

Parsing model specifications...
Inverting gene-gene correlation matrix...
Performing regression analysis...
	testing direction: one-sided, positive (sets), two-sided (covar)
	conditioning on internal variables:
		gene size, log(gene size)
		gene density, log(gene density)
		sample size, log(sample size)
		inverse mac, log(inverse mac)
	analysing individual variables

	analysing single-variable models (number of models: 10)
	writing results to file ../../processed-data/13_MAGMA/MAGMA_output/sud2020op/sud2020op_broad_combo.gsa.out
	writing gene information to file ../../processed-data/13_MAGMA/MAGMA_output/sud2020op/sud2020op_broad_combo.gsa.genes.out
	writing gene analysis results per significant result (after multiple testing correction, at alpha = 0.05) to file ../../processed-data/13_MAGMA/MAGMA_output/sud2020op/sud2020op_broad_combo.gsa.sets.genes.out

End time is 11:48:12, Thursday 19 Oct 2023 (elapsed: 00:01:04)
