Loading objects:
  sce.all.hb
null device 
          1 
Loading objects:
  marks
  s3e.hb
       Auto QC
Josh QC FALSE  TRUE   Sum
  FALSE 17897   329 18226
  TRUE    391  1247  1638
  Sum   18288  1576 19864
              
               FALSE  TRUE   Sum
  Astro          585     6   591
  Endo           102     8   110
  Micro          360    11   371
  Oligo.1       1749    34  1783
  Oligo.2        425     0   425
  OPC.1          226    26   252
  OPC.2          750     6   756
  Neuron.Ambig    32    14    46
  LHb.1         1251     2  1253
  LHb.2          685     1   686
  LHb.3          556     1   557
  LHb.4          416     4   420
  LHb.5          291     0   291
  LHb.6           70     2    72
  MHb.1          445     3   448
  MHb.2           93     0    93
  Thal.GABA.1   2754    14  2768
  Thal.GABA.2   4476    17  4493
  Thal.GABA.3     80     7    87
  Thal.MD        250     1   251
  Thal.PF        233     2   235
  Thal.PVT       537     0   537
  Sum          16366   159 16525
              
               FALSE  TRUE   Sum
  Astro          584     7   591
  Endo           102     8   110
  Micro          360    11   371
  Oligo.1       1745    38  1783
  Oligo.2        425     0   425
  OPC.1          223    29   252
  OPC.2          748     8   756
  Neuron.Ambig    30    16    46
  LHb.1         1252     1  1253
  LHb.2          685     1   686
  LHb.3          556     1   557
  LHb.4          416     4   420
  LHb.5          291     0   291
  LHb.6           68     4    72
  MHb.1          443     5   448
  MHb.2           93     0    93
  Thal.GABA.1   2747    21  2768
  Thal.GABA.2   4471    22  4493
  Thal.GABA.3     76    11    87
  Thal.MD        247     4   251
  Thal.PF        230     5   235
  Thal.PVT       537     0   537
  Sum          16329   196 16525
              
               FALSE   Sum
  Astro          591   591
  Endo           110   110
  Micro          371   371
  Oligo.1       1783  1783
  Oligo.2        425   425
  OPC.1          252   252
  OPC.2          756   756
  Neuron.Ambig    46    46
  LHb.1         1253  1253
  LHb.2          686   686
  LHb.3          557   557
  LHb.4          420   420
  LHb.5          291   291
  LHb.6           72    72
  MHb.1          448   448
  MHb.2           93    93
  Thal.GABA.1   2768  2768
  Thal.GABA.2   4493  4493
  Thal.GABA.3     87    87
  Thal.MD        251   251
  Thal.PF        235   235
  Thal.PVT       537   537
  Sum          16525 16525
              
                FALSE   TRUE    Sum
  Astro         98.82   1.18 100.00
  Endo          92.73   7.27 100.00
  Micro         97.04   2.96 100.00
  Oligo.1       97.87   2.13 100.00
  Oligo.2      100.00   0.00 100.00
  OPC.1         88.49  11.51 100.00
  OPC.2         98.94   1.06 100.00
  Neuron.Ambig  65.22  34.78 100.00
  LHb.1         99.84   0.16 100.00
  LHb.2         99.85   0.15 100.00
  LHb.3         99.82   0.18 100.00
  LHb.4         99.05   0.95 100.00
  LHb.5        100.00   0.00 100.00
  LHb.6         94.44   5.56 100.00
  MHb.1         98.88   1.12 100.00
  MHb.2        100.00   0.00 100.00
  Thal.GABA.1   99.24   0.76 100.00
  Thal.GABA.2   99.49   0.51 100.00
  Thal.GABA.3   87.36  12.64 100.00
  Thal.MD       98.41   1.59 100.00
  Thal.PF       97.87   2.13 100.00
  Thal.PVT     100.00   0.00 100.00
  Sum           98.80   1.20 100.00
$Br1092
    0%     5%    10%    15%    20%    25%    30%    35%    40%    45%    50% 
 0.007  0.050  0.086  0.114  0.143  0.179  0.207  0.236  0.272  0.308  0.351 
   55%    60%    65%    70%    75%    80%    85%    90%    95%   100% 
 0.386  0.429  0.479  0.531  0.622  0.723  0.870  1.095  1.611 31.871 

$Br1204
   0%    5%   10%   15%   20%   25%   30%   35%   40%   45%   50%   55%   60% 
0.174 0.290 0.353 0.403 0.447 0.507 0.577 0.674 0.770 0.824 0.894 0.983 1.048 
  65%   70%   75%   80%   85%   90%   95%  100% 
1.127 1.207 1.353 1.470 1.605 1.680 1.848 5.435 

$Br1469
    0%     5%    10%    15%    20%    25%    30%    35%    40%    45%    50% 
 0.005  0.044  0.082  0.115  0.142  0.170  0.197  0.228  0.263  0.304  0.351 
   55%    60%    65%    70%    75%    80%    85%    90%    95%   100% 
 0.397  0.455  0.537  0.625  0.734  0.866  1.086  1.299  1.777 11.448 

$Br1735
    0%     5%    10%    15%    20%    25%    30%    35%    40%    45%    50% 
 0.000  0.019  0.075  0.159  0.215  0.262  0.299  0.346  0.383  0.430  0.476 
   55%    60%    65%    70%    75%    80%    85%    90%    95%   100% 
 0.532  0.598  0.673  0.747  0.859  0.981  1.158  1.420  1.859 14.602 

$Br5555
    0%     5%    10%    15%    20%    25%    30%    35%    40%    45%    50% 
 0.008  0.053  0.084  0.099  0.122  0.137  0.160  0.175  0.198  0.213  0.236 
   55%    60%    65%    70%    75%    80%    85%    90%    95%   100% 
 0.259  0.290  0.320  0.358  0.404  0.473  0.572  0.755  1.090 26.425 

$Br5558
   0%    5%   10%   15%   20%   25%   30%   35%   40%   45%   50%   55%   60% 
0.044 0.125 0.264 0.340 0.438 0.535 0.629 0.704 0.773 0.859 0.940 1.027 1.127 
  65%   70%   75%   80%   85%   90%   95%  100% 
1.278 1.449 1.613 1.778 1.956 2.234 2.562 4.804 

$Br5639
    0%     5%    10%    15%    20%    25%    30%    35%    40%    45%    50% 
 0.007  0.048  0.068  0.102  0.129  0.170  0.224  0.272  0.333  0.401  0.483 
   55%    60%    65%    70%    75%    80%    85%    90%    95%   100% 
 0.578  0.680  0.796  0.932  1.082  1.231  1.449  1.762  2.299 17.257 

$Br1092

FALSE  TRUE 
 3540    37 

$Br1204

FALSE  TRUE 
  713     1 

$Br1469

FALSE  TRUE 
 2713    27 

$Br1735

FALSE  TRUE 
 4628    43 

$Br5555

FALSE  TRUE 
 3737    75 

$Br5558

FALSE 
  949 

$Br5639

FALSE  TRUE 
 3371    30 

Br1092.TRUE Br1204.TRUE Br1469.TRUE Br1735.TRUE Br5555.TRUE   Br5558.NA 
      1.034       0.140       0.985       0.921       1.967          NA 
Br5639.TRUE 
      0.882 
[1m[36m─ Session info ───────────────────────────────────────────────────────────────[39m[22m
 [3m[90msetting [39m[23m [3m[90mvalue[39m[23m
 version  R version 4.1.2 Patched (2021-11-04 r81138)
 os       CentOS Linux 7 (Core)
 system   x86_64, linux-gnu
 ui       X11
 language (EN)
 collate  en_US.UTF-8
 ctype    en_US.UTF-8
 tz       US/Eastern
 date     2022-03-17
 pandoc   2.13 @ /jhpce/shared/jhpce/core/conda/miniconda3-4.6.14/envs/svnR-4.1.x/bin/pandoc

[1m[36m─ Packages ───────────────────────────────────────────────────────────────────[39m[22m
 [3m[90mpackage             [39m[23m [3m[90m*[39m[23m [3m[90mversion [39m[23m [3m[90mdate (UTC)[39m[23m [3m[90mlib[39m[23m [3m[90msource[39m[23m
 assertthat             0.2.1    [90m2019-03-21[39m [90m[2][39m [90mCRAN (R 4.1.0)[39m
 beachmat               2.10.0   [90m2021-10-26[39m [90m[2][39m [90mBioconductor[39m
 beeswarm               0.4.0    [90m2021-06-01[39m [90m[2][39m [90mCRAN (R 4.1.2)[39m
 Biobase              * 2.54.0   [90m2021-10-26[39m [90m[2][39m [90mBioconductor[39m
 BiocGenerics         * 0.40.0   [90m2021-10-26[39m [90m[2][39m [90mBioconductor[39m
 BiocNeighbors          1.12.0   [90m2021-10-26[39m [90m[2][39m [90mBioconductor[39m
 BiocParallel           1.28.3   [90m2021-12-09[39m [90m[2][39m [90mBioconductor[39m
 BiocSingular           1.10.0   [90m2021-10-26[39m [90m[2][39m [90mBioconductor[39m
 bitops                 1.0-7    [90m2021-04-24[39m [90m[2][39m [90mCRAN (R 4.1.0)[39m
 bluster                1.4.0    [90m2021-10-26[39m [90m[2][39m [90mBioconductor[39m
 cli                    3.2.0    [90m2022-02-14[39m [90m[2][39m [90mCRAN (R 4.1.2)[39m
 cluster                2.1.2    [90m2021-04-17[39m [90m[3][39m [90mCRAN (R 4.1.2)[39m
 colorspace             2.0-3    [90m2022-02-21[39m [90m[2][39m [90mCRAN (R 4.1.2)[39m
 cowplot                1.1.1    [90m2020-12-30[39m [90m[2][39m [90mCRAN (R 4.1.2)[39m
 crayon                 1.5.0    [90m2022-02-14[39m [90m[2][39m [90mCRAN (R 4.1.2)[39m
 data.table             1.14.2   [90m2021-09-27[39m [90m[2][39m [90mCRAN (R 4.1.2)[39m
 DBI                    1.1.2    [90m2021-12-20[39m [90m[2][39m [90mCRAN (R 4.1.2)[39m
 DelayedArray           0.20.0   [90m2021-10-26[39m [90m[2][39m [90mBioconductor[39m
 DelayedMatrixStats     1.16.0   [90m2021-10-26[39m [90m[2][39m [90mBioconductor[39m
 digest                 0.6.29   [90m2021-12-01[39m [90m[2][39m [90mCRAN (R 4.1.2)[39m
 dplyr                  1.0.8    [90m2022-02-08[39m [90m[2][39m [90mCRAN (R 4.1.2)[39m
 dqrng                  0.3.0    [90m2021-05-01[39m [90m[2][39m [90mCRAN (R 4.1.2)[39m
 edgeR                  3.36.0   [90m2021-10-26[39m [90m[2][39m [90mBioconductor[39m
 ellipsis               0.3.2    [90m2021-04-29[39m [90m[2][39m [90mCRAN (R 4.1.0)[39m
 fansi                  1.0.2    [90m2022-01-14[39m [90m[2][39m [90mCRAN (R 4.1.2)[39m
 farver                 2.1.0    [90m2021-02-28[39m [90m[2][39m [90mCRAN (R 4.1.0)[39m
 generics               0.1.2    [90m2022-01-31[39m [90m[2][39m [90mCRAN (R 4.1.2)[39m
 GenomeInfoDb         * 1.30.1   [90m2022-01-30[39m [90m[2][39m [90mBioconductor[39m
 GenomeInfoDbData       1.2.7    [90m2021-11-01[39m [90m[2][39m [90mBioconductor[39m
 GenomicRanges        * 1.46.1   [90m2021-11-18[39m [90m[2][39m [90mBioconductor[39m
 ggbeeswarm             0.6.0    [90m2017-08-07[39m [90m[2][39m [90mCRAN (R 4.1.2)[39m
 ggplot2              * 3.3.5    [90m2021-06-25[39m [90m[2][39m [90mCRAN (R 4.1.0)[39m
 ggrepel                0.9.1    [90m2021-01-15[39m [90m[2][39m [90mCRAN (R 4.1.0)[39m
 glue                   1.6.2    [90m2022-02-24[39m [90m[2][39m [90mCRAN (R 4.1.2)[39m
 gridExtra              2.3      [90m2017-09-09[39m [90m[2][39m [90mCRAN (R 4.1.0)[39m
 gtable                 0.3.0    [90m2019-03-25[39m [90m[2][39m [90mCRAN (R 4.1.0)[39m
 here                 * 1.0.1    [90m2020-12-13[39m [90m[2][39m [90mCRAN (R 4.1.2)[39m
 igraph                 1.2.11   [90m2022-01-04[39m [90m[2][39m [90mCRAN (R 4.1.2)[39m
 IRanges              * 2.28.0   [90m2021-10-26[39m [90m[2][39m [90mBioconductor[39m
 irlba                  2.3.5    [90m2021-12-06[39m [90m[2][39m [90mCRAN (R 4.1.2)[39m
 jsonlite               1.8.0    [90m2022-02-22[39m [90m[2][39m [90mCRAN (R 4.1.2)[39m
 labeling               0.4.2    [90m2020-10-20[39m [90m[2][39m [90mCRAN (R 4.1.0)[39m
 lattice                0.20-45  [90m2021-09-22[39m [90m[3][39m [90mCRAN (R 4.1.2)[39m
 lifecycle              1.0.1    [90m2021-09-24[39m [90m[2][39m [90mCRAN (R 4.1.2)[39m
 limma                  3.50.1   [90m2022-02-17[39m [90m[2][39m [90mBioconductor[39m
 locfit                 1.5-9.5  [90m2022-03-03[39m [90m[2][39m [90mCRAN (R 4.1.2)[39m
 magrittr               2.0.2    [90m2022-01-26[39m [90m[2][39m [90mCRAN (R 4.1.2)[39m
 MASS                   7.3-55   [90m2022-01-13[39m [90m[3][39m [90mCRAN (R 4.1.2)[39m
 Matrix                 1.4-0    [90m2021-12-08[39m [90m[3][39m [90mCRAN (R 4.1.2)[39m
 MatrixGenerics       * 1.6.0    [90m2021-10-26[39m [90m[2][39m [90mBioconductor[39m
 matrixStats          * 0.61.0   [90m2021-09-17[39m [90m[2][39m [90mCRAN (R 4.1.2)[39m
 metapod                1.2.0    [90m2021-10-26[39m [90m[2][39m [90mBioconductor[39m
 munsell                0.5.0    [90m2018-06-12[39m [90m[2][39m [90mCRAN (R 4.1.0)[39m
 pillar                 1.7.0    [90m2022-02-01[39m [90m[2][39m [90mCRAN (R 4.1.2)[39m
 pkgconfig              2.0.3    [90m2019-09-22[39m [90m[2][39m [90mCRAN (R 4.1.0)[39m
 purrr                * 0.3.4    [90m2020-04-17[39m [90m[2][39m [90mCRAN (R 4.1.0)[39m
 R6                     2.5.1    [90m2021-08-19[39m [90m[2][39m [90mCRAN (R 4.1.2)[39m
 Rcpp                   1.0.8.3  [90m2022-03-17[39m [90m[2][39m [90mCRAN (R 4.1.2)[39m
 RCurl                  1.98-1.6 [90m2022-02-08[39m [90m[2][39m [90mCRAN (R 4.1.2)[39m
 rlang                  1.0.2    [90m2022-03-04[39m [90m[2][39m [90mCRAN (R 4.1.2)[39m
 rprojroot              2.0.2    [90m2020-11-15[39m [90m[2][39m [90mCRAN (R 4.1.0)[39m
 rsvd                   1.0.5    [90m2021-04-16[39m [90m[2][39m [90mCRAN (R 4.1.2)[39m
 S4Vectors            * 0.32.3   [90m2021-11-21[39m [90m[2][39m [90mBioconductor[39m
 ScaledMatrix           1.2.0    [90m2021-10-26[39m [90m[2][39m [90mBioconductor[39m
 scales                 1.1.1    [90m2020-05-11[39m [90m[2][39m [90mCRAN (R 4.1.0)[39m
 scater               * 1.22.0   [90m2021-10-26[39m [90m[2][39m [90mBioconductor[39m
 scDblFinder          * 1.8.0    [90m2021-10-26[39m [90m[1][39m [90mBioconductor[39m
 scran                * 1.22.1   [90m2021-11-14[39m [90m[2][39m [90mBioconductor[39m
 scuttle              * 1.4.0    [90m2021-10-26[39m [90m[2][39m [90mBioconductor[39m
 sessioninfo          * 1.2.2    [90m2021-12-06[39m [90m[2][39m [90mCRAN (R 4.1.2)[39m
 SingleCellExperiment * 1.16.0   [90m2021-10-26[39m [90m[2][39m [90mBioconductor[39m
 sparseMatrixStats      1.6.0    [90m2021-10-26[39m [90m[2][39m [90mBioconductor[39m
 statmod                1.4.36   [90m2021-05-10[39m [90m[2][39m [90mCRAN (R 4.1.0)[39m
 SummarizedExperiment * 1.24.0   [90m2021-10-26[39m [90m[2][39m [90mBioconductor[39m
 tibble                 3.1.6    [90m2021-11-07[39m [90m[2][39m [90mCRAN (R 4.1.2)[39m
 tidyselect             1.1.2    [90m2022-02-21[39m [90m[2][39m [90mCRAN (R 4.1.2)[39m
 utf8                   1.2.2    [90m2021-07-24[39m [90m[2][39m [90mCRAN (R 4.1.0)[39m
 vctrs                  0.3.8    [90m2021-04-29[39m [90m[2][39m [90mCRAN (R 4.1.0)[39m
 vipor                  0.4.5    [90m2017-03-22[39m [90m[2][39m [90mCRAN (R 4.1.2)[39m
 viridis                0.6.2    [90m2021-10-13[39m [90m[2][39m [90mCRAN (R 4.1.2)[39m
 viridisLite            0.4.0    [90m2021-04-13[39m [90m[2][39m [90mCRAN (R 4.1.0)[39m
 withr                  2.5.0    [90m2022-03-03[39m [90m[2][39m [90mCRAN (R 4.1.2)[39m
 xgboost                1.5.2.1  [90m2022-02-21[39m [90m[1][39m [90mCRAN (R 4.1.2)[39m
 XVector                0.34.0   [90m2021-10-26[39m [90m[2][39m [90mBioconductor[39m
 zlibbioc               1.40.0   [90m2021-10-26[39m [90m[2][39m [90mBioconductor[39m

[90m [1] /users/jstolz/R/4.1.x[39m
[90m [2] /jhpce/shared/jhpce/core/conda/miniconda3-4.6.14/envs/svnR-4.1.x/R/4.1.x/lib64/R/site-library[39m
[90m [3] /jhpce/shared/jhpce/core/conda/miniconda3-4.6.14/envs/svnR-4.1.x/R/4.1.x/lib64/R/library[39m

[1m[36m──────────────────────────────────────────────────────────────────────────────[39m[22m
